<?xml version="1.0" encoding="UTF-8"?>
<!-- Generated by org.testng.reporters.JUnitReportReporter -->
<testsuite skipped="0" hostname="DESKTOP-622SGI1" name="AutomationTest.MavenJava.appiumTest" tests="2" failures="0" timestamp="2021-12-08T01:00:17 IST" time="0.001" errors="0">
  <testcase name="Androidtest" time="0.000" classname="AutomationTest.MavenJava.appiumTest"/>
  <system-out/>
  <testcase name="iostc" time="0.001" classname="AutomationTest.MavenJava.appiumTest"/>
  <system-out/>
</testsuite> <!-- AutomationTest.MavenJava.appiumTest -->
