<?xml version="1.0" encoding="UTF-8"?>
<!-- Generated by org.testng.reporters.JUnitReportReporter -->
<testsuite skipped="0" hostname="DESKTOP-622SGI1" name="AutomationTest.MavenJava.restapiTest" tests="2" failures="0" timestamp="2021-12-08T01:00:17 IST" time="0.006" errors="0">
  <testcase name="twitterlogin" time="0.005" classname="AutomationTest.MavenJava.restapiTest"/>
  <system-out/>
  <testcase name="afterjira" time="0.001" classname="AutomationTest.MavenJava.restapiTest"/>
  <system-out/>
</testsuite> <!-- AutomationTest.MavenJava.restapiTest -->
