<?xml version="1.0" encoding="UTF-8"?>
<!-- Generated by org.testng.reporters.JUnitReportReporter -->
<testsuite skipped="0" hostname="DESKTOP-622SGI1" name="AutomationTest.MavenJava.seleniumTest" tests="2" failures="0" timestamp="2021-12-08T01:00:17 IST" time="0.008" errors="0">
  <testcase name="uitest" time="0.001" classname="AutomationTest.MavenJava.seleniumTest"/>
  <system-out/>
  <testcase name="browsertest" time="0.007" classname="AutomationTest.MavenJava.seleniumTest"/>
  <system-out/>
</testsuite> <!-- AutomationTest.MavenJava.seleniumTest -->
